actionid: tox
msg: packaging
cmdargs: ['/usr/bin/python3', local('/home/maghesree/CHE477/parallel_mcmc/setup.py'), 'sdist', '--formats=zip', '--dist-dir', local('/home/maghesree/CHE477/parallel_mcmc/.tox/dist')]
env: None

running sdist
running egg_info
writing dependency_links to mcmc.egg-info/dependency_links.txt
writing entry points to mcmc.egg-info/entry_points.txt
writing mcmc.egg-info/PKG-INFO
writing top-level names to mcmc.egg-info/top_level.txt
writing requirements to mcmc.egg-info/requires.txt
reading manifest file 'mcmc.egg-info/SOURCES.txt'
reading manifest template 'MANIFEST.in'
warning: no previously-included files matching '__pycache__' found under directory '*'
warning: no files found matching '*.jpg' under directory 'docs'
warning: no files found matching '*.png' under directory 'docs'
warning: no files found matching '*.gif' under directory 'docs'
writing manifest file 'mcmc.egg-info/SOURCES.txt'
running check
creating mcmc-0.1.0
creating mcmc-0.1.0/docs
creating mcmc-0.1.0/mcmc
creating mcmc-0.1.0/mcmc.egg-info
creating mcmc-0.1.0/tests
copying files to mcmc-0.1.0...
copying AUTHORS.rst -> mcmc-0.1.0
copying CONTRIBUTING.rst -> mcmc-0.1.0
copying HISTORY.rst -> mcmc-0.1.0
copying LICENSE -> mcmc-0.1.0
copying MANIFEST.in -> mcmc-0.1.0
copying README.rst -> mcmc-0.1.0
copying setup.cfg -> mcmc-0.1.0
copying setup.py -> mcmc-0.1.0
copying docs/Makefile -> mcmc-0.1.0/docs
copying docs/authors.rst -> mcmc-0.1.0/docs
copying docs/conf.py -> mcmc-0.1.0/docs
copying docs/contributing.rst -> mcmc-0.1.0/docs
copying docs/history.rst -> mcmc-0.1.0/docs
copying docs/index.rst -> mcmc-0.1.0/docs
copying docs/installation.rst -> mcmc-0.1.0/docs
copying docs/make.bat -> mcmc-0.1.0/docs
copying docs/readme.rst -> mcmc-0.1.0/docs
copying docs/usage.rst -> mcmc-0.1.0/docs
copying mcmc/__init__.py -> mcmc-0.1.0/mcmc
copying mcmc/cli.py -> mcmc-0.1.0/mcmc
copying mcmc/mcmc.py -> mcmc-0.1.0/mcmc
copying mcmc.egg-info/PKG-INFO -> mcmc-0.1.0/mcmc.egg-info
copying mcmc.egg-info/SOURCES.txt -> mcmc-0.1.0/mcmc.egg-info
copying mcmc.egg-info/dependency_links.txt -> mcmc-0.1.0/mcmc.egg-info
copying mcmc.egg-info/entry_points.txt -> mcmc-0.1.0/mcmc.egg-info
copying mcmc.egg-info/not-zip-safe -> mcmc-0.1.0/mcmc.egg-info
copying mcmc.egg-info/requires.txt -> mcmc-0.1.0/mcmc.egg-info
copying mcmc.egg-info/top_level.txt -> mcmc-0.1.0/mcmc.egg-info
copying tests/__init__.py -> mcmc-0.1.0/tests
copying tests/output.txt -> mcmc-0.1.0/tests
copying tests/test_MH.txt -> mcmc-0.1.0/tests
copying tests/test_input.txt -> mcmc-0.1.0/tests
copying tests/test_mcmc.py -> mcmc-0.1.0/tests
Writing mcmc-0.1.0/setup.cfg
creating '.tox/dist/mcmc-0.1.0.zip' and adding 'mcmc-0.1.0' to it
adding 'mcmc-0.1.0/MANIFEST.in'
adding 'mcmc-0.1.0/README.rst'
adding 'mcmc-0.1.0/CONTRIBUTING.rst'
adding 'mcmc-0.1.0/HISTORY.rst'
adding 'mcmc-0.1.0/PKG-INFO'
adding 'mcmc-0.1.0/setup.py'
adding 'mcmc-0.1.0/setup.cfg'
adding 'mcmc-0.1.0/LICENSE'
adding 'mcmc-0.1.0/AUTHORS.rst'
adding 'mcmc-0.1.0/tests/__init__.py'
adding 'mcmc-0.1.0/tests/test_mcmc.py'
adding 'mcmc-0.1.0/tests/test_input.txt'
adding 'mcmc-0.1.0/tests/test_MH.txt'
adding 'mcmc-0.1.0/tests/output.txt'
adding 'mcmc-0.1.0/mcmc/cli.py'
adding 'mcmc-0.1.0/mcmc/__init__.py'
adding 'mcmc-0.1.0/mcmc/mcmc.py'
adding 'mcmc-0.1.0/mcmc.egg-info/not-zip-safe'
adding 'mcmc-0.1.0/mcmc.egg-info/entry_points.txt'
adding 'mcmc-0.1.0/mcmc.egg-info/dependency_links.txt'
adding 'mcmc-0.1.0/mcmc.egg-info/PKG-INFO'
adding 'mcmc-0.1.0/mcmc.egg-info/SOURCES.txt'
adding 'mcmc-0.1.0/mcmc.egg-info/requires.txt'
adding 'mcmc-0.1.0/mcmc.egg-info/top_level.txt'
adding 'mcmc-0.1.0/docs/contributing.rst'
adding 'mcmc-0.1.0/docs/history.rst'
adding 'mcmc-0.1.0/docs/installation.rst'
adding 'mcmc-0.1.0/docs/usage.rst'
adding 'mcmc-0.1.0/docs/Makefile'
adding 'mcmc-0.1.0/docs/authors.rst'
adding 'mcmc-0.1.0/docs/readme.rst'
adding 'mcmc-0.1.0/docs/conf.py'
adding 'mcmc-0.1.0/docs/index.rst'
adding 'mcmc-0.1.0/docs/make.bat'
removing 'mcmc-0.1.0' (and everything under it)
